Performing system checks...

System check identified no issues (0 silenced).
March 29, 2026 - 14:39:06
Django version 5.1.5, using settings 'esl_cloud.settings'
Starting development server at http://0.0.0.0:8000/
Quit the server with CONTROL-C.

Performing system checks...

System check identified no issues (0 silenced).
March 29, 2026 - 16:06:04
Django version 5.1.5, using settings 'esl_cloud.settings'
Starting development server at http://0.0.0.0:8000/
Quit the server with CONTROL-C.

Performing system checks...

System check identified no issues (0 silenced).
March 29, 2026 - 16:07:38
Django version 5.1.5, using settings 'esl_cloud.settings'
Starting development server at http://0.0.0.0:8000/
Quit the server with CONTROL-C.

Performing system checks...

System check identified no issues (0 silenced).
March 29, 2026 - 16:08:10
Django version 5.1.5, using settings 'esl_cloud.settings'
Starting development server at http://0.0.0.0:8000/
Quit the server with CONTROL-C.

Performing system checks...

System check identified no issues (0 silenced).
March 29, 2026 - 16:09:09
Django version 5.1.5, using settings 'esl_cloud.settings'
Starting development server at http://0.0.0.0:8000/
Quit the server with CONTROL-C.
