Performing system checks...

System check identified no issues (0 silenced).
March 04, 2026 - 14:51:18
Django version 5.1.5, using settings 'esl_cloud.settings'
Starting development server at http://0.0.0.0:8000/
Quit the server with CONTROL-C.

Performing system checks...

System check identified no issues (0 silenced).
March 04, 2026 - 15:17:00
Django version 5.1.5, using settings 'esl_cloud.settings'
Starting development server at http://0.0.0.0:8000/
Quit the server with CONTROL-C.

Performing system checks...

System check identified no issues (0 silenced).
March 04, 2026 - 15:19:55
Django version 5.1.5, using settings 'esl_cloud.settings'
Starting development server at http://0.0.0.0:8000/
Quit the server with CONTROL-C.

Performing system checks...

System check identified no issues (0 silenced).
March 04, 2026 - 15:20:28
Django version 5.1.5, using settings 'esl_cloud.settings'
Starting development server at http://0.0.0.0:8000/
Quit the server with CONTROL-C.

Performing system checks...

System check identified no issues (0 silenced).
March 04, 2026 - 15:20:33
Django version 5.1.5, using settings 'esl_cloud.settings'
Starting development server at http://0.0.0.0:8000/
Quit the server with CONTROL-C.

Performing system checks...

System check identified no issues (0 silenced).
March 04, 2026 - 15:25:13
Django version 5.1.5, using settings 'esl_cloud.settings'
Starting development server at http://0.0.0.0:8000/
Quit the server with CONTROL-C.
