INFO 2026-02-07 23:51:59,281 <console> 19 281473551253536 LOGGING TEST: If you see this, the file handler is working!
INFO 2026-02-08 02:02:54,733 utils 8 281473381589024 Starting image generation for Tag: Mi 11 (296x128)
INFO 2026-02-08 02:02:54,747 utils 15 281473381589024 Starting image generation for Tag: Mi 05 (250x122)
INFO 2026-02-08 02:02:54,751 utils 16 281473381589024 Starting image generation for Tag: Mi 04 (250x122)
INFO 2026-02-08 02:02:54,759 utils 14 281473381589024 Starting image generation for Tag: Mi AG 5 (384x168)
INFO 2026-02-08 02:02:54,765 utils 10 281473381589024 Starting image generation for Tag: Mi 10 (296x152)
INFO 2026-02-08 02:02:54,769 utils 11 281473381589024 Starting image generation for Tag: Mi 07 (296x128)
INFO 2026-02-08 02:02:54,770 utils 13 281473381589024 Starting image generation for Tag: Mi 02 (384x168)
INFO 2026-02-08 02:02:54,772 utils 17 281473381589024 Starting image generation for Tag: Mi 08 (296x152)
INFO 2026-02-08 02:02:54,801 utils 12 281473381589024 Starting image generation for Tag: Mi 13 (296x128)
INFO 2026-02-08 02:02:54,813 utils 9 281473381589024 Starting image generation for Tag: Mi 01 (384x168)
INFO 2026-02-08 02:02:54,819 utils 8 281473381589024 SUCCESS: Mi 11 generated in 0.123s
INFO 2026-02-08 02:02:54,832 utils 11 281473381589024 SUCCESS: Mi 07 generated in 0.077s
INFO 2026-02-08 02:02:54,832 utils 17 281473381589024 SUCCESS: Mi 08 generated in 0.130s
INFO 2026-02-08 02:02:54,832 utils 14 281473381589024 SUCCESS: Mi AG 5 generated in 0.147s
INFO 2026-02-08 02:02:54,832 utils 16 281473381589024 SUCCESS: Mi 04 generated in 0.124s
INFO 2026-02-08 02:02:54,833 utils 15 281473381589024 SUCCESS: Mi 05 generated in 0.148s
INFO 2026-02-08 02:02:54,842 utils 13 281473381589024 SUCCESS: Mi 02 generated in 0.091s
INFO 2026-02-08 02:02:54,850 utils 10 281473381589024 SUCCESS: Mi 10 generated in 0.116s
INFO 2026-02-08 02:02:54,861 utils 12 281473381589024 SUCCESS: Mi 13 generated in 0.108s
INFO 2026-02-08 02:02:54,865 utils 9 281473381589024 SUCCESS: Mi 01 generated in 0.145s
INFO 2026-02-08 02:02:54,870 utils 11 281473381589024 Starting image generation for Tag: Mi 09 (296x122)
INFO 2026-02-08 02:02:54,870 utils 8 281473381589024 Starting image generation for Tag: Mi 12 (296x128)
INFO 2026-02-08 02:02:54,875 utils 14 281473381589024 Starting image generation for Tag: Mi 06 (250x122)
INFO 2026-02-08 02:02:54,877 utils 11 281473381589024 SUCCESS: Mi 09 generated in 0.020s
INFO 2026-02-08 02:02:54,878 utils 8 281473381589024 SUCCESS: Mi 12 generated in 0.021s
INFO 2026-02-08 02:02:54,884 utils 14 281473381589024 SUCCESS: Mi 06 generated in 0.025s
